<?xml version="1.0" encoding="UTF-8"?>
<!-- Generated by org.testng.reporters.JUnitXMLReporter -->
<testsuite ignored="0" hostname="kim" failures="1" tests="1" name="FirefoxTest" time="34.857" errors="0" timestamp="2024-02-29T19:19:09 IST">
  <testcase classname="com.luma.testcases.IndexPageTest" name="verifyLogo" time="0.344">
    <failure type="java.lang.NoClassDefFoundError" message="org/apache/logging/log4j/util/Lazy">
      <![CDATA[java.lang.NoClassDefFoundError: org/apache/logging/log4j/util/Lazy
at org.apache.logging.log4j.core.selector.ClassLoaderContextSelector.<init>(ClassLoaderContextSelector.java:55)
at org.apache.logging.log4j.core.impl.Log4jContextFactory.createContextSelector(Log4jContextFactory.java:108)
at org.apache.logging.log4j.core.impl.Log4jContextFactory.<init>(Log4jContextFactory.java:60)
at java.base/java.lang.Class.newInstance(Class.java:725)
at org.apache.logging.log4j.LogManager.<clinit>(LogManager.java:95)
at com.luma.utility.Log.<clinit>(Log.java:10)
at com.luma.testcases.IndexPageTest.verifyLogo(IndexPageTest.java:42)
at java.base/java.util.ArrayList.forEach(ArrayList.java:1596)
Caused by: java.lang.ClassNotFoundException: org.apache.logging.log4j.util.Lazy
at java.base/jdk.internal.loader.BuiltinClassLoader.loadClass(BuiltinClassLoader.java:641)
at java.base/jdk.internal.loader.ClassLoaders$AppClassLoader.loadClass(ClassLoaders.java:188)
at java.base/java.lang.ClassLoader.loadClass(ClassLoader.java:526)
... 37 more
... Removed 29 stack frames]]>
    </failure>
  </testcase> <!-- verifyLogo -->
</testsuite> <!-- FirefoxTest -->
